{"name": "test_wait_enable_btn", "status": "broken", "statusDetails": {"message": "selenium.common.exceptions.TimeoutException: Message:", "trace": "self = <tests.waits.TestForWaitElements object at 0x7f9ffc8c5b70>\ndriver = <selenium.webdriver.chrome.webdriver.WebDriver (session=\"a26f793cbdeac71652bc0aa6349770a9\")>\n\n    def test_wait_enable_btn(self, driver):\n        page = BasePage(self.__url, driver)\n        page.navigate_to(self.__url)\n        enable_btn = page.find_element(By.CSS_SELECTOR, self.enable_after_btn_loc)\n>       page.click_on_element(enable_btn, timeout=5)\n\nwaits.py:27: \n_ _ _ _ _ _ _ _ _ _ _ _ _ _ _ _ _ _ _ _ _ _ _ _ _ _ _ _ _ _ _ _ _ _ _ _ _ _ _ _ \n../pages/base_page.py:36: in click_on_element\n    WebDriverWait(self.driver, timeout).until(EC.element_to_be_clickable(webelement)).click()\n_ _ _ _ _ _ _ _ _ _ _ _ _ _ _ _ _ _ _ _ _ _ _ _ _ _ _ _ _ _ _ _ _ _ _ _ _ _ _ _ \n\nself = <selenium.webdriver.support.wait.WebDriverWait (session=\"a26f793cbdeac71652bc0aa6349770a9\")>\nmethod = <function element_to_be_clickable.<locals>._predicate at 0x7f9ffca96ef0>\nmessage = ''\n\n    def until(self, method, message=''):\n        \"\"\"Calls the method provided with the driver as an argument until the \\\n        return value does not evaluate to ``False``.\n    \n        :param method: callable(WebDriver)\n        :param message: optional message for :exc:`TimeoutException`\n        :returns: the result of the last call to `method`\n        :raises: :exc:`selenium.common.exceptions.TimeoutException` if timeout occurs\n        \"\"\"\n        screen = None\n        stacktrace = None\n    \n        end_time = time.time() + self._timeout\n        while True:\n            try:\n                value = method(self._driver)\n                if value:\n                    return value\n            except InvalidSelectorException as e:\n                raise e\n            except self._ignored_exceptions as exc:\n                screen = getattr(exc, 'screen', None)\n                stacktrace = getattr(exc, 'stacktrace', None)\n            time.sleep(self._poll)\n            if time.time() > end_time:\n                break\n>       raise TimeoutException(message, screen, stacktrace)\nE       selenium.common.exceptions.TimeoutException: Message:\n\n../env/lib/python3.10/site-packages/selenium/webdriver/support/wait.py:89: TimeoutException"}, "steps": [{"name": "Go to page", "status": "passed", "parameters": [{"name": "url", "value": "'https://demoqa.com/dynamic-properties'"}], "start": 1654718580745, "stop": 1654718581872}, {"name": "Find element with wait", "status": "passed", "parameters": [{"name": "method", "value": "'css selector'"}, {"name": "selector", "value": "'#enableAfter'"}, {"name": "timeout", "value": "5"}], "start": 1654718581872, "stop": 1654718581880}, {"name": "Click on Element with wait", "status": "broken", "statusDetails": {"message": "selenium.common.exceptions.TimeoutException: Message: \n\n", "trace": "  File \"/home/alex/python/code/SeleniumPython/env/lib/python3.10/site-packages/allure_commons/_allure.py\", line 172, in impl\n    return func(*a, **kw)\n  File \"/home/alex/python/code/SeleniumPython/pages/base_page.py\", line 36, in click_on_element\n    WebDriverWait(self.driver, timeout).until(EC.element_to_be_clickable(webelement)).click()\n  File \"/home/alex/python/code/SeleniumPython/env/lib/python3.10/site-packages/selenium/webdriver/support/wait.py\", line 89, in until\n    raise TimeoutException(message, screen, stacktrace)\n"}, "parameters": [{"name": "webelement", "value": "<selenium.webdriver.remote.webelement.WebElement (session=\"a26f793cbdeac71652bc0aa6349770a9\", element=\"3a8f1de3-c2a9-441b-84c0-4068c8c8bcab\")>"}, {"name": "timeout", "value": "5"}], "start": 1654718581880, "stop": 1654718586996}], "attachments": [{"name": "log", "source": "9d3237f1-1102-47be-ba31-1e8e7385f295-attachment.txt", "type": "text/plain"}, {"name": "stdout", "source": "dcccfc1b-1e51-4efa-af02-c28d5343bef6-attachment.txt", "type": "text/plain"}, {"name": "stderr", "source": "0bc5d0e0-d4c0-4966-a085-a0b168ca66cf-attachment.txt", "type": "text/plain"}], "start": 1654718580745, "stop": 1654718586997, "uuid": "54092b3f-4523-4792-87a2-249efbbb11cd", "historyId": "e664a27126433c47fc5688f626239aa4", "testCaseId": "796d5025bb0fa47a2f88c6b4ba947639", "fullName": "tests.waits.TestForWaitElements#test_wait_enable_btn", "labels": [{"name": "parentSuite", "value": "tests"}, {"name": "suite", "value": "waits"}, {"name": "subSuite", "value": "TestForWaitElements"}, {"name": "host", "value": "alex-d"}, {"name": "thread", "value": "23531-MainThread"}, {"name": "framework", "value": "pytest"}, {"name": "language", "value": "cpython3"}, {"name": "package", "value": "tests.waits"}]}