{"name": "test_wait_enable_btn", "status": "broken", "statusDetails": {"message": "selenium.common.exceptions.TimeoutException: Message:", "trace": "self = <tests.waits.TestForWaitElements object at 0x7fc89dce5c30>\ndriver = <selenium.webdriver.chrome.webdriver.WebDriver (session=\"b8f15d57daf60a24888b83b1554b5f8b\")>\n\n    def test_wait_enable_btn(self, driver):\n        page = BasePage(self.__url, driver)\n        page.navigate_to(self.__url)\n        enable_btn = page.find_element(By.CSS_SELECTOR, self.enable_after_btn_loc)\n>       page.click_on_element(enable_btn)\n\nwaits.py:27: \n_ _ _ _ _ _ _ _ _ _ _ _ _ _ _ _ _ _ _ _ _ _ _ _ _ _ _ _ _ _ _ _ _ _ _ _ _ _ _ _ \n../pages/base_page.py:36: in click_on_element\n    WebDriverWait(self.driver, timeout).until(EC.element_to_be_clickable(webelement)).click()\n_ _ _ _ _ _ _ _ _ _ _ _ _ _ _ _ _ _ _ _ _ _ _ _ _ _ _ _ _ _ _ _ _ _ _ _ _ _ _ _ \n\nself = <selenium.webdriver.support.wait.WebDriverWait (session=\"b8f15d57daf60a24888b83b1554b5f8b\")>\nmethod = <function element_to_be_clickable.<locals>._predicate at 0x7fc89debaef0>\nmessage = ''\n\n    def until(self, method, message=''):\n        \"\"\"Calls the method provided with the driver as an argument until the \\\n        return value does not evaluate to ``False``.\n    \n        :param method: callable(WebDriver)\n        :param message: optional message for :exc:`TimeoutException`\n        :returns: the result of the last call to `method`\n        :raises: :exc:`selenium.common.exceptions.TimeoutException` if timeout occurs\n        \"\"\"\n        screen = None\n        stacktrace = None\n    \n        end_time = time.time() + self._timeout\n        while True:\n            try:\n                value = method(self._driver)\n                if value:\n                    return value\n            except InvalidSelectorException as e:\n                raise e\n            except self._ignored_exceptions as exc:\n                screen = getattr(exc, 'screen', None)\n                stacktrace = getattr(exc, 'stacktrace', None)\n            time.sleep(self._poll)\n            if time.time() > end_time:\n                break\n>       raise TimeoutException(message, screen, stacktrace)\nE       selenium.common.exceptions.TimeoutException: Message:\n\n../env/lib/python3.10/site-packages/selenium/webdriver/support/wait.py:89: TimeoutException"}, "steps": [{"name": "Go to page", "status": "passed", "parameters": [{"name": "url", "value": "'https://demoqa.com/dynamic-properties'"}], "start": 1654718474548, "stop": 1654718475632}, {"name": "Find element with wait", "status": "passed", "parameters": [{"name": "method", "value": "'css selector'"}, {"name": "selector", "value": "'#enableAfter'"}, {"name": "timeout", "value": "5"}], "start": 1654718475632, "stop": 1654718475640}, {"name": "Click on Element with wait", "status": "broken", "statusDetails": {"message": "selenium.common.exceptions.TimeoutException: Message: \n\n", "trace": "  File \"/home/alex/python/code/SeleniumPython/env/lib/python3.10/site-packages/allure_commons/_allure.py\", line 172, in impl\n    return func(*a, **kw)\n  File \"/home/alex/python/code/SeleniumPython/pages/base_page.py\", line 36, in click_on_element\n    WebDriverWait(self.driver, timeout).until(EC.element_to_be_clickable(webelement)).click()\n  File \"/home/alex/python/code/SeleniumPython/env/lib/python3.10/site-packages/selenium/webdriver/support/wait.py\", line 89, in until\n    raise TimeoutException(message, screen, stacktrace)\n"}, "parameters": [{"name": "webelement", "value": "<selenium.webdriver.remote.webelement.WebElement (session=\"b8f15d57daf60a24888b83b1554b5f8b\", element=\"07fbd74b-e11c-4953-868d-baddf6b2c6ed\")>"}, {"name": "timeout", "value": "5"}], "start": 1654718475640, "stop": 1654718480761}], "attachments": [{"name": "log", "source": "845c28d7-95a8-48e4-b638-55b64d25e80f-attachment.txt", "type": "text/plain"}, {"name": "stdout", "source": "62633c4e-064b-4fb5-bbde-caefee78ec23-attachment.txt", "type": "text/plain"}, {"name": "stderr", "source": "3cd9ee9d-ebbe-482b-b456-a662885997e3-attachment.txt", "type": "text/plain"}], "start": 1654718474547, "stop": 1654718480762, "uuid": "9b28689f-e45a-4a10-a2cb-0b489f97f6dc", "historyId": "e664a27126433c47fc5688f626239aa4", "testCaseId": "796d5025bb0fa47a2f88c6b4ba947639", "fullName": "tests.waits.TestForWaitElements#test_wait_enable_btn", "labels": [{"name": "parentSuite", "value": "tests"}, {"name": "suite", "value": "waits"}, {"name": "subSuite", "value": "TestForWaitElements"}, {"name": "host", "value": "alex-d"}, {"name": "thread", "value": "23079-MainThread"}, {"name": "framework", "value": "pytest"}, {"name": "language", "value": "cpython3"}, {"name": "package", "value": "tests.waits"}]}