{"name": "test_temp", "status": "failed", "statusDetails": {"message": "AssertionError: assert 'You clicked a button' == 'You cliked a button'\n  - You cliked a button\n  + You clicked a button\n  ?        +", "trace": "driver = <selenium.webdriver.chrome.webdriver.WebDriver (session=\"d289f799a57483f4d9469d41ad63787d\")>\n\n    def test_temp(driver:webdriver):\n        driver.get('https://demoqa.com/alerts')\n        driver.find_element(By.XPATH, \"//button[@id='alertButton']\").click()\n        allert = driver.switch_to.alert\n>       assert allert.text == 'You cliked a button'\nE       AssertionError: assert 'You clicked a button' == 'You cliked a button'\nE         - You cliked a button\nE         + You clicked a button\nE         ?        +\n\ntemp.py:11: AssertionError"}, "attachments": [{"name": "log", "source": "c5911f94-4eca-45b0-b834-e6545df30754-attachment.txt", "type": "text/plain"}, {"name": "stdout", "source": "a2e06997-1d03-4f10-bfc6-db7cd1ba402d-attachment.txt", "type": "text/plain"}, {"name": "stderr", "source": "d1c386c9-a761-474f-9902-88c36e149748-attachment.txt", "type": "text/plain"}], "start": 1657875244526, "stop": 1657875245964, "uuid": "f58f8397-70c2-4a5c-bbcb-7ca8cf90e319", "historyId": "e00af8dba079ec9fef34f127371361ae", "testCaseId": "8540f9f34b0f97c680b9003664770b08", "fullName": "temp#test_temp", "labels": [{"name": "suite", "value": "temp"}, {"name": "host", "value": "alex-d"}, {"name": "thread", "value": "26655-MainThread"}, {"name": "framework", "value": "pytest"}, {"name": "language", "value": "cpython3"}, {"name": "package", "value": "temp"}]}