{"name": "test_instance", "status": "failed", "statusDetails": {"message": "AssertionError: assert <temp.MainPage object at 0x7f80acb7d750> == <temp.WindPage object at 0x7f80acb7fac0>", "trace": "self = <temp.TestTemp object at 0x7f80acb56b90>\ndriver = <selenium.webdriver.chrome.webdriver.WebDriver (session=\"0260d5e29cf2442c279d392659b13562\")>\n\n    def test_instance(self, driver):\n        page = MainPage(self.url, driver)\n        page_2 = WindPage(self.url, driver)\n>       assert page == page_2\nE       assert <temp.MainPage object at 0x7f80acb7d750> == <temp.WindPage object at 0x7f80acb7fac0>\n\ntemp.py:24: AssertionError"}, "attachments": [{"name": "log", "source": "c7ca1e24-9983-4e0b-8122-ac2ed0cbc9d1-attachment.txt", "type": "text/plain"}, {"name": "stdout", "source": "52cbf6c9-f90c-4275-9000-880009c2d943-attachment.txt", "type": "text/plain"}, {"name": "stderr", "source": "0d3be075-e764-4bef-8ab9-097784e71fa3-attachment.txt", "type": "text/plain"}], "start": 1657862818818, "stop": 1657862818818, "uuid": "5c2ae40d-2b18-42e9-bcf8-5b1b2ac6bb33", "historyId": "a896e17b1ff9e5b071765b80771632a8", "testCaseId": "e774e82271604c99bb1e469038cd2595", "fullName": "temp.TestTemp#test_instance", "labels": [{"name": "suite", "value": "temp"}, {"name": "subSuite", "value": "TestTemp"}, {"name": "host", "value": "alex-d"}, {"name": "thread", "value": "11389-MainThread"}, {"name": "framework", "value": "pytest"}, {"name": "language", "value": "cpython3"}, {"name": "package", "value": "temp"}]}