{"name": "test_instance", "status": "failed", "statusDetails": {"message": "AssertionError: assert <temp.MainPage object at 0x7f048d0ed660> == <temp.WindPage object at 0x7f048d0efa90>", "trace": "self = <temp.TestTemp object at 0x7f048d0c6890>\ndriver = <selenium.webdriver.chrome.webdriver.WebDriver (session=\"94404fdeca9c9c35a09fe569f7f40bfe\")>\n\n    def test_instance(self, driver):\n        page = MainPage(self.url, driver)\n        page_2 = WindPage(self.url, driver)\n>       assert page == page_2\nE       assert <temp.MainPage object at 0x7f048d0ed660> == <temp.WindPage object at 0x7f048d0efa90>\n\ntemp.py:23: AssertionError"}, "attachments": [{"name": "log", "source": "8541f9ca-d818-4e2c-b0e2-4aed61169d3d-attachment.txt", "type": "text/plain"}, {"name": "stdout", "source": "972d5779-9559-461e-a60c-4bb4312ce07b-attachment.txt", "type": "text/plain"}, {"name": "stderr", "source": "918f4dd7-6269-4851-963d-7e1251e8744a-attachment.txt", "type": "text/plain"}], "start": 1657862653165, "stop": 1657862653165, "uuid": "3af8cbd4-1f6e-4e3a-86e4-af3da8becf1d", "historyId": "a896e17b1ff9e5b071765b80771632a8", "testCaseId": "e774e82271604c99bb1e469038cd2595", "fullName": "temp.TestTemp#test_instance", "labels": [{"name": "suite", "value": "temp"}, {"name": "subSuite", "value": "TestTemp"}, {"name": "host", "value": "alex-d"}, {"name": "thread", "value": "11138-MainThread"}, {"name": "framework", "value": "pytest"}, {"name": "language", "value": "cpython3"}, {"name": "package", "value": "temp"}]}