{"name": "test_wait_enable_btn", "status": "broken", "statusDetails": {"message": "selenium.common.exceptions.TimeoutException: Message:", "trace": "self = <tests.waits.TestForWaitElements object at 0x7fdf2edb2c20>, driver = <selenium.webdriver.chrome.webdriver.WebDriver (session=\"0047a1036c9697a519a400a2441b461a\")>\n\n    def test_wait_enable_btn(self, driver):\n        page = BasePage(self.__url, driver)\n        page.navigatr_to(self.__url)\n        page.find_element(By.CSS_SELECTOR, self.enable_after_btn_loc)\n>       page.click_on_element(By.CSS_SELECTOR, self.enable_after_btn_loc, timeout=3)\n\ntests/waits.py:27: \n_ _ _ _ _ _ _ _ _ _ _ _ _ _ _ _ _ _ _ _ _ _ _ _ _ _ _ _ _ _ _ _ _ _ _ _ _ _ _ _ _ _ _ _ _ _ _ _ _ _ _ _ _ _ _ _ _ _ _ _ _ _ _ _ _ _ _ _ _ _ _ _ _ _ _ _ _ _ _ _ _ _ _ _ _ _ _ _ _ _ _ _ _ _ _ _ _ _ _ _ _ _ _ _ _ _ _ _ _ _ _ _ _ _\npages/base_page.py:28: in click_on_element\n    WebDriverWait(self.driver, timeout).until(EC.element_to_be_clickable((method, selector))).click()\n_ _ _ _ _ _ _ _ _ _ _ _ _ _ _ _ _ _ _ _ _ _ _ _ _ _ _ _ _ _ _ _ _ _ _ _ _ _ _ _ _ _ _ _ _ _ _ _ _ _ _ _ _ _ _ _ _ _ _ _ _ _ _ _ _ _ _ _ _ _ _ _ _ _ _ _ _ _ _ _ _ _ _ _ _ _ _ _ _ _ _ _ _ _ _ _ _ _ _ _ _ _ _ _ _ _ _ _ _ _ _ _ _ _\n\nself = <selenium.webdriver.support.wait.WebDriverWait (session=\"0047a1036c9697a519a400a2441b461a\")>, method = <function element_to_be_clickable.<locals>._predicate at 0x7fdf2eda1c60>, message = ''\n\n    def until(self, method, message=''):\n        \"\"\"Calls the method provided with the driver as an argument until the \\\n        return value does not evaluate to ``False``.\n    \n        :param method: callable(WebDriver)\n        :param message: optional message for :exc:`TimeoutException`\n        :returns: the result of the last call to `method`\n        :raises: :exc:`selenium.common.exceptions.TimeoutException` if timeout occurs\n        \"\"\"\n        screen = None\n        stacktrace = None\n    \n        end_time = time.time() + self._timeout\n        while True:\n            try:\n                value = method(self._driver)\n                if value:\n                    return value\n            except InvalidSelectorException as e:\n                raise e\n            except self._ignored_exceptions as exc:\n                screen = getattr(exc, 'screen', None)\n                stacktrace = getattr(exc, 'stacktrace', None)\n            time.sleep(self._poll)\n            if time.time() > end_time:\n                break\n>       raise TimeoutException(message, screen, stacktrace)\nE       selenium.common.exceptions.TimeoutException: Message:\n\nenv/lib/python3.10/site-packages/selenium/webdriver/support/wait.py:89: TimeoutException"}, "steps": [{"name": "Go to page", "status": "passed", "parameters": [{"name": "url", "value": "'https://demoqa.com/dynamic-properties'"}], "start": 1653887704806, "stop": 1653887706090}, {"name": "Find element", "status": "passed", "parameters": [{"name": "method", "value": "'css selector'"}, {"name": "selector", "value": "'#enableAfter'"}, {"name": "timeout", "value": "5"}], "start": 1653887706090, "stop": 1653887706108}, {"name": "Click on Button", "status": "broken", "statusDetails": {"message": "selenium.common.exceptions.TimeoutException: Message: \n\n", "trace": "  File \"/home/alex/python/code/SeleniumPython/env/lib/python3.10/site-packages/allure_commons/_allure.py\", line 172, in impl\n    return func(*a, **kw)\n  File \"/home/alex/python/code/SeleniumPython/pages/base_page.py\", line 28, in click_on_element\n    WebDriverWait(self.driver, timeout).until(EC.element_to_be_clickable((method, selector))).click()\n  File \"/home/alex/python/code/SeleniumPython/env/lib/python3.10/site-packages/selenium/webdriver/support/wait.py\", line 89, in until\n    raise TimeoutException(message, screen, stacktrace)\n"}, "parameters": [{"name": "method", "value": "'css selector'"}, {"name": "selector", "value": "'#enableAfter'"}, {"name": "timeout", "value": "3"}], "start": 1653887706108, "stop": 1653887709221}], "attachments": [{"name": "log", "source": "a92510c0-76db-4f7f-92f5-9f38ee8d1a0c-attachment.txt", "type": "text/plain"}], "start": 1653887704806, "stop": 1653887709223, "uuid": "c55733a9-052c-41c2-b382-2ffdeeaf66a9", "historyId": "e664a27126433c47fc5688f626239aa4", "testCaseId": "796d5025bb0fa47a2f88c6b4ba947639", "fullName": "tests.waits.TestForWaitElements#test_wait_enable_btn", "labels": [{"name": "parentSuite", "value": "tests"}, {"name": "suite", "value": "waits"}, {"name": "subSuite", "value": "TestForWaitElements"}, {"name": "host", "value": "alex-d"}, {"name": "thread", "value": "7817-MainThread"}, {"name": "framework", "value": "pytest"}, {"name": "language", "value": "cpython3"}, {"name": "package", "value": "tests.waits"}]}