{"name": "test_temp", "status": "failed", "statusDetails": {"message": "AssertionError: assert 'You clicked a button' == 'You selected Ok'\n  - You selected Ok\n  + You clicked a button", "trace": "driver = <selenium.webdriver.chrome.webdriver.WebDriver (session=\"21797daf27e4fe8cb1310000b31d26e3\")>\n\n    def test_temp(driver:webdriver):\n        driver.get('https://demoqa.com/alerts')\n        driver.find_element(By.XPATH, \"//button[@id='alertButton']\").click()\n        allert = driver.switch_to.alert\n>       assert allert.text == 'You selected Ok'\nE       AssertionError: assert 'You clicked a button' == 'You selected Ok'\nE         - You selected Ok\nE         + You clicked a button\n\ntemp.py:11: AssertionError"}, "attachments": [{"name": "log", "source": "86b5ab85-03cc-41cc-9bec-fd4e505b4abb-attachment.txt", "type": "text/plain"}, {"name": "stdout", "source": "1a3c46d1-fd0d-4a42-81db-7932151285a4-attachment.txt", "type": "text/plain"}, {"name": "stderr", "source": "9263958e-6cf1-47c8-b2c9-7d8265581f2b-attachment.txt", "type": "text/plain"}], "start": 1657875206365, "stop": 1657875207708, "uuid": "48ca6ea9-2aba-4399-a6e2-e887ce907b76", "historyId": "e00af8dba079ec9fef34f127371361ae", "testCaseId": "8540f9f34b0f97c680b9003664770b08", "fullName": "temp#test_temp", "labels": [{"name": "suite", "value": "temp"}, {"name": "host", "value": "alex-d"}, {"name": "thread", "value": "26446-MainThread"}, {"name": "framework", "value": "pytest"}, {"name": "language", "value": "cpython3"}, {"name": "package", "value": "temp"}]}